<?xml version="1.0" encoding="UTF-8"?>
<!-- Generated by org.testng.reporters.JUnitXMLReporter -->
<testsuite ignored="12" hostname="DESKTOP-D1737HV" failures="0" tests="7" name="firefox" time="273.311" errors="0" timestamp="2022-05-20T15:15:50 IST">
  <testcase classname="com.vtiger.campaignTest.CreateCampaignTest" name="createCampaignTest" time="11.827"/>
  <testcase classname="com.vtiger.campaignTest.CreateCampaignWithProductName" name="createCampaignWithProductName" time="32.848"/>
  <testcase classname="com.vtiger.organisationTest.CreateOrganisationWithIndustryNameTest" name="createOrganisationWithIndustryNameTest" time="19.244"/>
  <testcase classname="com.vtiger.organisationTest.CreateOrganisationTest" name="createOrganisationTest" time="20.867"/>
  <testcase classname="com.vtiger.contactsTest.CreateContactWithOrganistionTest" name="createContactWithOrganisatinTest" time="39.145"/>
  <testcase classname="com.vtiger.productTest.CreateProductTest" name="createProductTest" time="15.986"/>
  <testcase classname="com.vtiger.contactsTest.CreateContactsTest" name="createContactsTest" time="14.46"/>
  <testcase classname="com.sdet34l1.genericUtility.BaseClass" name="@BeforeSuite beforeSuiteTest" time="0.0">
    <ignored/>
  </testcase> <!-- @BeforeSuite beforeSuiteTest -->
  <testcase classname="com.sdet34l1.genericUtility.BaseClass" name="@BeforeSuite beforeSuiteTest" time="0.0">
    <ignored/>
  </testcase> <!-- @BeforeSuite beforeSuiteTest -->
  <testcase classname="com.sdet34l1.genericUtility.BaseClass" name="@BeforeSuite beforeSuiteTest" time="0.0">
    <ignored/>
  </testcase> <!-- @BeforeSuite beforeSuiteTest -->
  <testcase classname="com.sdet34l1.genericUtility.BaseClass" name="@BeforeSuite beforeSuiteTest" time="0.0">
    <ignored/>
  </testcase> <!-- @BeforeSuite beforeSuiteTest -->
  <testcase classname="com.sdet34l1.genericUtility.BaseClass" name="@BeforeSuite beforeSuiteTest" time="0.0">
    <ignored/>
  </testcase> <!-- @BeforeSuite beforeSuiteTest -->
  <testcase classname="com.sdet34l1.genericUtility.BaseClass" name="@BeforeSuite beforeSuiteTest" time="0.0">
    <ignored/>
  </testcase> <!-- @BeforeSuite beforeSuiteTest -->
  <testcase classname="com.sdet34l1.genericUtility.BaseClass" name="@AfterSuite afterSuiteTest" time="0.0">
    <ignored/>
  </testcase> <!-- @AfterSuite afterSuiteTest -->
  <testcase classname="com.sdet34l1.genericUtility.BaseClass" name="@AfterSuite afterSuiteTest" time="0.0">
    <ignored/>
  </testcase> <!-- @AfterSuite afterSuiteTest -->
  <testcase classname="com.sdet34l1.genericUtility.BaseClass" name="@AfterSuite afterSuiteTest" time="0.0">
    <ignored/>
  </testcase> <!-- @AfterSuite afterSuiteTest -->
  <testcase classname="com.sdet34l1.genericUtility.BaseClass" name="@AfterSuite afterSuiteTest" time="0.0">
    <ignored/>
  </testcase> <!-- @AfterSuite afterSuiteTest -->
  <testcase classname="com.sdet34l1.genericUtility.BaseClass" name="@AfterSuite afterSuiteTest" time="0.0">
    <ignored/>
  </testcase> <!-- @AfterSuite afterSuiteTest -->
  <testcase classname="com.sdet34l1.genericUtility.BaseClass" name="@AfterSuite afterSuiteTest" time="0.0">
    <ignored/>
  </testcase> <!-- @AfterSuite afterSuiteTest -->
</testsuite> <!-- firefox -->
